<?xml version="1.0" encoding="UTF-8"?>
<!-- Generated by org.testng.reporters.JUnitReportReporter -->
<testsuite hostname="CIN10145L" failures="0" tests="2" name="maventestngpackage.Checking" time="3.737" errors="0" timestamp="2024-09-10T20:19:50 IST" skipped="0">
  <testcase classname="maventestngpackage.Checking" name="searchText" time="0.670"/>
  <testcase classname="maventestngpackage.Checking" name="testOpenBrowser" time="3.067"/>
</testsuite> <!-- maventestngpackage.Checking -->
