<?xml version="1.0" encoding="UTF-8"?>
<!-- Generated by org.testng.reporters.JUnitReportReporter -->
<testsuite hostname="CIN10145L" failures="0" tests="2" name="maventestngpackage.Checking" time="4.434" errors="0" timestamp="2024-09-10T21:01:55 IST" skipped="0">
  <testcase classname="maventestngpackage.Checking" name="searchText" time="0.339"/>
  <system-out/>
  <testcase classname="maventestngpackage.Checking" name="testOpenBrowser" time="4.095"/>
  <system-out/>
</testsuite> <!-- maventestngpackage.Checking -->
